<html>
<head>
<title>TestNG:  Sanitytest</title>
<link href="../testng.css" rel="stylesheet" type="text/css" />
<link href="../my-testng.css" rel="stylesheet" type="text/css" />

<style type="text/css">
.log { display: none;} 
.stack-trace { display: none;} 
</style>
<script type="text/javascript">
<!--
function flip(e) {
  current = e.style.display;
  if (current == 'block') {
    e.style.display = 'none';
    return 0;
  }
  else {
    e.style.display = 'block';
    return 1;
  }
}

function toggleBox(szDivId, elem, msg1, msg2)
{
  var res = -1;  if (document.getElementById) {
    res = flip(document.getElementById(szDivId));
  }
  else if (document.all) {
    // this is the way old msie versions work
    res = flip(document.all[szDivId]);
  }
  if(elem) {
    if(res == 0) elem.innerHTML = msg1; else elem.innerHTML = msg2;
  }

}

function toggleAllBoxes() {
  if (document.getElementsByTagName) {
    d = document.getElementsByTagName('div');
    for (i = 0; i < d.length; i++) {
      if (d[i].className == 'log') {
        flip(d[i]);
      }
    }
  }
}

// -->
</script>

</head>
<body>
<h2 align='center'>Sanitytest</h2><table border='1' align="center">
<tr>
<td>Tests passed/Failed/Skipped:</td><td>0/2/0</td>
</tr><tr>
<td>Started on:</td><td>Thu Mar 19 22:41:37 IST 2020</td>
</tr>
<tr><td>Total time:</td><td>111 seconds (111298 ms)</td>
</tr><tr>
<td>Included groups:</td><td></td>
</tr><tr>
<td>Excluded groups:</td><td></td>
</tr>
</table><p/>
<small><i>(Hover the method name to see the test class name)</i></small><p/>
<table width='100%' border='1' class='invocation-failed'>
<tr><td colspan='4' align='center'><b>FAILED TESTS</b></td></tr>
<tr><td><b>Test method</b></td>
<td width="30%"><b>Exception</b></td>
<td width="10%"><b>Time (seconds)</b></td>
<td><b>Instance</b></td>
</tr>
<tr>
<td title='com.qa.runner.TestRunner.feature()'><b>feature</b><br>Test class: com.qa.runner.TestRunner<br>Test method: Runs Cucumber Feature<br>Parameters: Freshbenies Admin Loginpage Test.</td>
<td><div><pre>cucumber.runtime.CucumberException: org.openqa.selenium.SessionNotCreatedException: session not created
from chrome not reachable
  (Session info: chrome=80.0.3987.132)
Build info: version: &apos;3.141.59&apos;, revision: &apos;e82be7d358&apos;, time: &apos;2018-11-14T08:17:03&apos;
System info: host: &apos;DESKTOP-QUFA5SU&apos;, ip: &apos;192.168.1.8&apos;, os.name: &apos;Windows 10&apos;, os.arch: &apos;amd64&apos;, os.version: &apos;10.0&apos;, java.version: &apos;1.8.0_161&apos;
Driver info: driver.version: ChromeDriver
remote stacktrace: Backtrace:
	Ordinal0 [0x00A90C83+1707139]
	Ordinal0 [0x009F68F1+1075441]
	Ordinal0 [0x0096DE72+515698]
	Ordinal0 [0x00967CA8+490664]
	Ordinal0 [0x0096839B+492443]
	Ordinal0 [0x009692F5+496373]
	Ordinal0 [0x00964F05+478981]
	Ordinal0 [0x0096ECA0+519328]
	Ordinal0 [0x0091CA67+182887]
	Ordinal0 [0x0091BDDD+179677]
	Ordinal0 [0x00919D4B+171339]
	Ordinal0 [0x00901D4A+73034]
	Ordinal0 [0x00902DC0+77248]
	Ordinal0 [0x00902D59+77145]
	Ordinal0 [0x00A0BB67+1162087]
	GetHandleVerifier [0x00B2A966+508998]
	GetHandleVerifier [0x00B2A6A4+508292]
	GetHandleVerifier [0x00B3F7B7+594583]
	GetHandleVerifier [0x00B2B1D6+511158]
	Ordinal0 [0x00A0402C+1130540]
	Ordinal0 [0x00A0D4CB+1168587]
	Ordinal0 [0x00A0D633+1168947]
	Ordinal0 [0x00A25B35+1268533]
	BaseThreadInitThunk [0x75886359+25]
	RtlGetAppContainerNamedObjectPath [0x76FB7B74+228]
	RtlGetAppContainerNamedObjectPath [0x76FB7B44+180]

	at cucumber.api.testng.TestNGCucumberRunner.runCucumber(TestNGCucumberRunner.java:69)
	at com.qa.runner.TestRunner.feature(TestRunner.java:44)
Caused by: org.openqa.selenium.SessionNotCreatedException: session not created
from chrome not reachable
  (Session info: chrome=80.0.3987.132)
Build info: version: &apos;3.141.59&apos;, revision: &apos;e82be7d358&apos;, time: &apos;2018-11-14T08:17:03&apos;
System info: host: &apos;DESKTOP-QUFA5SU&apos;, ip: &apos;192.168.1.8&apos;, os.name: &apos;Windows 10&apos;, os.arch: &apos;amd64&apos;, os.version: &apos;10.0&apos;, java.version: &apos;1.8.0_161&apos;
Driver info: driver.version: ChromeDriver
remote stacktrace: Backtrace:
	Ordinal0 [0x00A90C83+1707139]
	Ordinal0 [0x009F68F1+1075441]
	Ordinal0 [0x0096DE72+515698]
	Ordinal0 [0x00967CA8+490664]
	Ordinal0 [0x0096839B+492443]
	Ordinal0 [0x009692F5+496373]
	Ordinal0 [0x00964F05+478981]
	Ordinal0 [0x0096ECA0+519328]
	Ordinal0 [0x0091CA67+182887]
	Ordinal0 [0x0091BDDD+179677]
	Ordinal0 [0x00919D4B+171339]
	Ordinal0 [0x00901D4A+73034]
	Ordinal0 [0x00902DC0+77248]
	Ordinal0 [0x00902D59+77145]
	Ordinal0 [0x00A0BB67+1162087]
	GetHandleVerifier [0x00B2A966+508998]
	GetHandleVerifier [0x00B2A6A4+508292]
	GetHandleVerifier [0x00B3F7B7+594583]
	GetHandleVerifier [0x00B2B1D6+511158]
	Ordinal0 [0x00A0402C+1130540]
	Ordinal0 [0x00A0D4CB+1168587]
	Ordinal0 [0x00A0D633+1168947]
	Ordinal0 [0x00A25B35+1268533]
	BaseThreadInitThunk [0x75886359+25]
	RtlGetAppContainerNamedObjectPath [0x76FB7B74+228]
	RtlGetAppContainerNamedObjectPath [0x76FB7B44+180]

	at org.openqa.selenium.remote.W3CHandshakeResponse.lambda$errorHandler$0(W3CHandshakeResponse.java:62)
	at org.openqa.selenium.remote.HandshakeResponse.lambda$getResponseFunction$0(HandshakeResponse.java:30)
	at org.openqa.selenium.remote.ProtocolHandshake.lambda$createSession$0(ProtocolHandshake.java:126)
	at java.util.stream.ReferencePipeline$3$1.accept(ReferencePipeline.java:193)
	at java.util.Spliterators$ArraySpliterator.tryAdvance(Spliterators.java:958)
	at java.util.stream.ReferencePipeline.forEachWithCancel(ReferencePipeline.java:126)
	at java.util.stream.AbstractPipeline.copyIntoWithCancel(AbstractPipeline.java:498)
	at java.util.stream.AbstractPipeline.copyInto(AbstractPipeline.java:485)
	at java.util.stream.AbstractPipeline.wrapAndCopyInto(AbstractPipeline.java:471)
	at java.util.stream.FindOps$FindOp.evaluateSequential(FindOps.java:152)
	at java.util.stream.AbstractPipeline.evaluate(AbstractPipeline.java:234)
	at java.util.stream.ReferencePipeline.findFirst(ReferencePipeline.java:464)
	at org.openqa.selenium.remote.ProtocolHandshake.createSession(ProtocolHandshake.java:128)
	at org.openqa.selenium.remote.ProtocolHandshake.createSession(ProtocolHandshake.java:74)
	at org.openqa.selenium.remote.HttpCommandExecutor.execute(HttpCommandExecutor.java:136)
	at org.openqa.selenium.remote.service.DriverCommandExecutor.execute(DriverCommandExecutor.java:83)
	at org.openqa.selenium.remote.RemoteWebDriver.execute(RemoteWebDriver.java:552)
	at org.openqa.selenium.remote.RemoteWebDriver.startSession(RemoteWebDriver.java:213)
	at org.openqa.selenium.remote.RemoteWebDriver.&lt;init&gt;(RemoteWebDriver.java:131)
	at org.openqa.selenium.chrome.ChromeDriver.&lt;init&gt;(ChromeDriver.java:181)
	at org.openqa.selenium.chrome.ChromeDriver.&lt;init&gt;(ChromeDriver.java:168)
	at org.openqa.selenium.chrome.ChromeDriver.&lt;init&gt;(ChromeDriver.java:123)
	at com.qa.pages.BasePage.init_driver(BasePage.java:34)
	at com.qa.stepDefinitions.LoginPageSteps.user_opens_the_browser_and_in_login_page(LoginPageSteps.java:40)
	at ?.Given User opens the browser and in login page(01AdminLoginPage.feature:15)
... Removed 33 stack frames</pre></div><a href='#' onClick='toggleBox("stack-trace1005245720", this, "Click to show all stack frames", "Click to hide stack frames")'>Click to show all stack frames</a>
<div class='stack-trace' id='stack-trace1005245720'><pre>cucumber.runtime.CucumberException: org.openqa.selenium.SessionNotCreatedException: session not created
from chrome not reachable
  (Session info: chrome=80.0.3987.132)
Build info: version: &apos;3.141.59&apos;, revision: &apos;e82be7d358&apos;, time: &apos;2018-11-14T08:17:03&apos;
System info: host: &apos;DESKTOP-QUFA5SU&apos;, ip: &apos;192.168.1.8&apos;, os.name: &apos;Windows 10&apos;, os.arch: &apos;amd64&apos;, os.version: &apos;10.0&apos;, java.version: &apos;1.8.0_161&apos;
Driver info: driver.version: ChromeDriver
remote stacktrace: Backtrace:
	Ordinal0 [0x00A90C83+1707139]
	Ordinal0 [0x009F68F1+1075441]
	Ordinal0 [0x0096DE72+515698]
	Ordinal0 [0x00967CA8+490664]
	Ordinal0 [0x0096839B+492443]
	Ordinal0 [0x009692F5+496373]
	Ordinal0 [0x00964F05+478981]
	Ordinal0 [0x0096ECA0+519328]
	Ordinal0 [0x0091CA67+182887]
	Ordinal0 [0x0091BDDD+179677]
	Ordinal0 [0x00919D4B+171339]
	Ordinal0 [0x00901D4A+73034]
	Ordinal0 [0x00902DC0+77248]
	Ordinal0 [0x00902D59+77145]
	Ordinal0 [0x00A0BB67+1162087]
	GetHandleVerifier [0x00B2A966+508998]
	GetHandleVerifier [0x00B2A6A4+508292]
	GetHandleVerifier [0x00B3F7B7+594583]
	GetHandleVerifier [0x00B2B1D6+511158]
	Ordinal0 [0x00A0402C+1130540]
	Ordinal0 [0x00A0D4CB+1168587]
	Ordinal0 [0x00A0D633+1168947]
	Ordinal0 [0x00A25B35+1268533]
	BaseThreadInitThunk [0x75886359+25]
	RtlGetAppContainerNamedObjectPath [0x76FB7B74+228]
	RtlGetAppContainerNamedObjectPath [0x76FB7B44+180]

	at cucumber.api.testng.TestNGCucumberRunner.runCucumber(TestNGCucumberRunner.java:69)
	at com.qa.runner.TestRunner.feature(TestRunner.java:44)
	at sun.reflect.NativeMethodAccessorImpl.invoke0(Native Method)
	at sun.reflect.NativeMethodAccessorImpl.invoke(NativeMethodAccessorImpl.java:62)
	at sun.reflect.DelegatingMethodAccessorImpl.invoke(DelegatingMethodAccessorImpl.java:43)
	at java.lang.reflect.Method.invoke(Method.java:498)
	at org.testng.internal.MethodInvocationHelper.invokeMethod(MethodInvocationHelper.java:124)
	at org.testng.internal.Invoker.invokeMethod(Invoker.java:583)
	at org.testng.internal.Invoker.invokeTestMethod(Invoker.java:719)
	at org.testng.internal.Invoker.invokeTestMethods(Invoker.java:989)
	at org.testng.internal.TestMethodWorker.invokeTestMethods(TestMethodWorker.java:125)
	at org.testng.internal.TestMethodWorker.run(TestMethodWorker.java:109)
	at org.testng.TestRunner.privateRun(TestRunner.java:648)
	at org.testng.TestRunner.run(TestRunner.java:505)
	at org.testng.SuiteRunner.runTest(SuiteRunner.java:455)
	at org.testng.SuiteRunner.runSequentially(SuiteRunner.java:450)
	at org.testng.SuiteRunner.privateRun(SuiteRunner.java:415)
	at org.testng.SuiteRunner.run(SuiteRunner.java:364)
	at org.testng.SuiteRunnerWorker.runSuite(SuiteRunnerWorker.java:52)
	at org.testng.SuiteRunnerWorker.run(SuiteRunnerWorker.java:84)
	at org.testng.TestNG.runSuitesSequentially(TestNG.java:1208)
	at org.testng.TestNG.runSuitesLocally(TestNG.java:1137)
	at org.testng.TestNG.runSuites(TestNG.java:1049)
	at org.testng.TestNG.run(TestNG.java:1017)
	at org.apache.maven.surefire.testng.TestNGExecutor.run(TestNGExecutor.java:283)
	at org.apache.maven.surefire.testng.TestNGXmlTestSuite.execute(TestNGXmlTestSuite.java:75)
	at org.apache.maven.surefire.testng.TestNGProvider.invoke(TestNGProvider.java:120)
	at org.apache.maven.surefire.booter.ForkedBooter.invokeProviderInSameClassLoader(ForkedBooter.java:384)
	at org.apache.maven.surefire.booter.ForkedBooter.runSuitesInProcess(ForkedBooter.java:345)
	at org.apache.maven.surefire.booter.ForkedBooter.execute(ForkedBooter.java:126)
	at org.apache.maven.surefire.booter.ForkedBooter.main(ForkedBooter.java:418)
Caused by: org.openqa.selenium.SessionNotCreatedException: session not created
from chrome not reachable
  (Session info: chrome=80.0.3987.132)
Build info: version: &apos;3.141.59&apos;, revision: &apos;e82be7d358&apos;, time: &apos;2018-11-14T08:17:03&apos;
System info: host: &apos;DESKTOP-QUFA5SU&apos;, ip: &apos;192.168.1.8&apos;, os.name: &apos;Windows 10&apos;, os.arch: &apos;amd64&apos;, os.version: &apos;10.0&apos;, java.version: &apos;1.8.0_161&apos;
Driver info: driver.version: ChromeDriver
remote stacktrace: Backtrace:
	Ordinal0 [0x00A90C83+1707139]
	Ordinal0 [0x009F68F1+1075441]
	Ordinal0 [0x0096DE72+515698]
	Ordinal0 [0x00967CA8+490664]
	Ordinal0 [0x0096839B+492443]
	Ordinal0 [0x009692F5+496373]
	Ordinal0 [0x00964F05+478981]
	Ordinal0 [0x0096ECA0+519328]
	Ordinal0 [0x0091CA67+182887]
	Ordinal0 [0x0091BDDD+179677]
	Ordinal0 [0x00919D4B+171339]
	Ordinal0 [0x00901D4A+73034]
	Ordinal0 [0x00902DC0+77248]
	Ordinal0 [0x00902D59+77145]
	Ordinal0 [0x00A0BB67+1162087]
	GetHandleVerifier [0x00B2A966+508998]
	GetHandleVerifier [0x00B2A6A4+508292]
	GetHandleVerifier [0x00B3F7B7+594583]
	GetHandleVerifier [0x00B2B1D6+511158]
	Ordinal0 [0x00A0402C+1130540]
	Ordinal0 [0x00A0D4CB+1168587]
	Ordinal0 [0x00A0D633+1168947]
	Ordinal0 [0x00A25B35+1268533]
	BaseThreadInitThunk [0x75886359+25]
	RtlGetAppContainerNamedObjectPath [0x76FB7B74+228]
	RtlGetAppContainerNamedObjectPath [0x76FB7B44+180]

	at sun.reflect.NativeConstructorAccessorImpl.newInstance0(Native Method)
	at sun.reflect.NativeConstructorAccessorImpl.newInstance(NativeConstructorAccessorImpl.java:62)
	at sun.reflect.DelegatingConstructorAccessorImpl.newInstance(DelegatingConstructorAccessorImpl.java:45)
	at java.lang.reflect.Constructor.newInstance(Constructor.java:423)
	at org.openqa.selenium.remote.W3CHandshakeResponse.lambda$errorHandler$0(W3CHandshakeResponse.java:62)
	at org.openqa.selenium.remote.HandshakeResponse.lambda$getResponseFunction$0(HandshakeResponse.java:30)
	at org.openqa.selenium.remote.ProtocolHandshake.lambda$createSession$0(ProtocolHandshake.java:126)
	at java.util.stream.ReferencePipeline$3$1.accept(ReferencePipeline.java:193)
	at java.util.Spliterators$ArraySpliterator.tryAdvance(Spliterators.java:958)
	at java.util.stream.ReferencePipeline.forEachWithCancel(ReferencePipeline.java:126)
	at java.util.stream.AbstractPipeline.copyIntoWithCancel(AbstractPipeline.java:498)
	at java.util.stream.AbstractPipeline.copyInto(AbstractPipeline.java:485)
	at java.util.stream.AbstractPipeline.wrapAndCopyInto(AbstractPipeline.java:471)
	at java.util.stream.FindOps$FindOp.evaluateSequential(FindOps.java:152)
	at java.util.stream.AbstractPipeline.evaluate(AbstractPipeline.java:234)
	at java.util.stream.ReferencePipeline.findFirst(ReferencePipeline.java:464)
	at org.openqa.selenium.remote.ProtocolHandshake.createSession(ProtocolHandshake.java:128)
	at org.openqa.selenium.remote.ProtocolHandshake.createSession(ProtocolHandshake.java:74)
	at org.openqa.selenium.remote.HttpCommandExecutor.execute(HttpCommandExecutor.java:136)
	at org.openqa.selenium.remote.service.DriverCommandExecutor.execute(DriverCommandExecutor.java:83)
	at org.openqa.selenium.remote.RemoteWebDriver.execute(RemoteWebDriver.java:552)
	at org.openqa.selenium.remote.RemoteWebDriver.startSession(RemoteWebDriver.java:213)
	at org.openqa.selenium.remote.RemoteWebDriver.&lt;init&gt;(RemoteWebDriver.java:131)
	at org.openqa.selenium.chrome.ChromeDriver.&lt;init&gt;(ChromeDriver.java:181)
	at org.openqa.selenium.chrome.ChromeDriver.&lt;init&gt;(ChromeDriver.java:168)
	at org.openqa.selenium.chrome.ChromeDriver.&lt;init&gt;(ChromeDriver.java:123)
	at com.qa.pages.BasePage.init_driver(BasePage.java:34)
	at com.qa.stepDefinitions.LoginPageSteps.user_opens_the_browser_and_in_login_page(LoginPageSteps.java:40)
	at ?.Given User opens the browser and in login page(01AdminLoginPage.feature:15)
</pre></div></td>
<td>95</td>
<td>com.qa.runner.TestRunner@7ac7a4e4</td></tr>
<tr>
<td title='com.qa.runner.TestRunner.feature()'><b>feature</b><br>Test class: com.qa.runner.TestRunner<br>Test method: Runs Cucumber Feature<br>Parameters: Freshbenies Admin HomePage Test.</td>
<td><div><pre>cucumber.runtime.CucumberException: org.openqa.selenium.SessionNotCreatedException: session not created
from chrome not reachable
  (Session info: chrome=80.0.3987.132)
Build info: version: &apos;3.141.59&apos;, revision: &apos;e82be7d358&apos;, time: &apos;2018-11-14T08:17:03&apos;
System info: host: &apos;DESKTOP-QUFA5SU&apos;, ip: &apos;192.168.1.8&apos;, os.name: &apos;Windows 10&apos;, os.arch: &apos;amd64&apos;, os.version: &apos;10.0&apos;, java.version: &apos;1.8.0_161&apos;
Driver info: driver.version: ChromeDriver
remote stacktrace: Backtrace:
	Ordinal0 [0x00A90C83+1707139]
	Ordinal0 [0x009F68F1+1075441]
	Ordinal0 [0x0096DE72+515698]
	Ordinal0 [0x00967CA8+490664]
	Ordinal0 [0x0096839B+492443]
	Ordinal0 [0x009692F5+496373]
	Ordinal0 [0x00964F05+478981]
	Ordinal0 [0x0096ECA0+519328]
	Ordinal0 [0x0091CA67+182887]
	Ordinal0 [0x0091BDDD+179677]
	Ordinal0 [0x00919D4B+171339]
	Ordinal0 [0x00901D4A+73034]
	Ordinal0 [0x00902DC0+77248]
	Ordinal0 [0x00902D59+77145]
	Ordinal0 [0x00A0BB67+1162087]
	GetHandleVerifier [0x00B2A966+508998]
	GetHandleVerifier [0x00B2A6A4+508292]
	GetHandleVerifier [0x00B3F7B7+594583]
	GetHandleVerifier [0x00B2B1D6+511158]
	Ordinal0 [0x00A0402C+1130540]
	Ordinal0 [0x00A0D4CB+1168587]
	Ordinal0 [0x00A0D633+1168947]
	Ordinal0 [0x00A25B35+1268533]
	BaseThreadInitThunk [0x75886359+25]
	RtlGetAppContainerNamedObjectPath [0x76FB7B74+228]
	RtlGetAppContainerNamedObjectPath [0x76FB7B44+180]

	at cucumber.api.testng.TestNGCucumberRunner.runCucumber(TestNGCucumberRunner.java:69)
	at com.qa.runner.TestRunner.feature(TestRunner.java:44)
Caused by: org.openqa.selenium.SessionNotCreatedException: session not created
from chrome not reachable
  (Session info: chrome=80.0.3987.132)
Build info: version: &apos;3.141.59&apos;, revision: &apos;e82be7d358&apos;, time: &apos;2018-11-14T08:17:03&apos;
System info: host: &apos;DESKTOP-QUFA5SU&apos;, ip: &apos;192.168.1.8&apos;, os.name: &apos;Windows 10&apos;, os.arch: &apos;amd64&apos;, os.version: &apos;10.0&apos;, java.version: &apos;1.8.0_161&apos;
Driver info: driver.version: ChromeDriver
remote stacktrace: Backtrace:
	Ordinal0 [0x00A90C83+1707139]
	Ordinal0 [0x009F68F1+1075441]
	Ordinal0 [0x0096DE72+515698]
	Ordinal0 [0x00967CA8+490664]
	Ordinal0 [0x0096839B+492443]
	Ordinal0 [0x009692F5+496373]
	Ordinal0 [0x00964F05+478981]
	Ordinal0 [0x0096ECA0+519328]
	Ordinal0 [0x0091CA67+182887]
	Ordinal0 [0x0091BDDD+179677]
	Ordinal0 [0x00919D4B+171339]
	Ordinal0 [0x00901D4A+73034]
	Ordinal0 [0x00902DC0+77248]
	Ordinal0 [0x00902D59+77145]
	Ordinal0 [0x00A0BB67+1162087]
	GetHandleVerifier [0x00B2A966+508998]
	GetHandleVerifier [0x00B2A6A4+508292]
	GetHandleVerifier [0x00B3F7B7+594583]
	GetHandleVerifier [0x00B2B1D6+511158]
	Ordinal0 [0x00A0402C+1130540]
	Ordinal0 [0x00A0D4CB+1168587]
	Ordinal0 [0x00A0D633+1168947]
	Ordinal0 [0x00A25B35+1268533]
	BaseThreadInitThunk [0x75886359+25]
	RtlGetAppContainerNamedObjectPath [0x76FB7B74+228]
	RtlGetAppContainerNamedObjectPath [0x76FB7B44+180]

	at org.openqa.selenium.remote.W3CHandshakeResponse.lambda$errorHandler$0(W3CHandshakeResponse.java:62)
	at org.openqa.selenium.remote.HandshakeResponse.lambda$getResponseFunction$0(HandshakeResponse.java:30)
	at org.openqa.selenium.remote.ProtocolHandshake.lambda$createSession$0(ProtocolHandshake.java:126)
	at java.util.stream.ReferencePipeline$3$1.accept(ReferencePipeline.java:193)
	at java.util.Spliterators$ArraySpliterator.tryAdvance(Spliterators.java:958)
	at java.util.stream.ReferencePipeline.forEachWithCancel(ReferencePipeline.java:126)
	at java.util.stream.AbstractPipeline.copyIntoWithCancel(AbstractPipeline.java:498)
	at java.util.stream.AbstractPipeline.copyInto(AbstractPipeline.java:485)
	at java.util.stream.AbstractPipeline.wrapAndCopyInto(AbstractPipeline.java:471)
	at java.util.stream.FindOps$FindOp.evaluateSequential(FindOps.java:152)
	at java.util.stream.AbstractPipeline.evaluate(AbstractPipeline.java:234)
	at java.util.stream.ReferencePipeline.findFirst(ReferencePipeline.java:464)
	at org.openqa.selenium.remote.ProtocolHandshake.createSession(ProtocolHandshake.java:128)
	at org.openqa.selenium.remote.ProtocolHandshake.createSession(ProtocolHandshake.java:74)
	at org.openqa.selenium.remote.HttpCommandExecutor.execute(HttpCommandExecutor.java:136)
	at org.openqa.selenium.remote.service.DriverCommandExecutor.execute(DriverCommandExecutor.java:83)
	at org.openqa.selenium.remote.RemoteWebDriver.execute(RemoteWebDriver.java:552)
	at org.openqa.selenium.remote.RemoteWebDriver.startSession(RemoteWebDriver.java:213)
	at org.openqa.selenium.remote.RemoteWebDriver.&lt;init&gt;(RemoteWebDriver.java:131)
	at org.openqa.selenium.chrome.ChromeDriver.&lt;init&gt;(ChromeDriver.java:181)
	at org.openqa.selenium.chrome.ChromeDriver.&lt;init&gt;(ChromeDriver.java:168)
	at org.openqa.selenium.chrome.ChromeDriver.&lt;init&gt;(ChromeDriver.java:123)
	at com.qa.pages.BasePage.init_driver(BasePage.java:34)
	at com.qa.stepDefinitions.HomePageSteps.user_is_in_homepage(HomePageSteps.java:40)
	at ?.Given User is in homepage(02AdminHomePage.feature:6)
... Removed 33 stack frames</pre></div><a href='#' onClick='toggleBox("stack-trace910101408", this, "Click to show all stack frames", "Click to hide stack frames")'>Click to show all stack frames</a>
<div class='stack-trace' id='stack-trace910101408'><pre>cucumber.runtime.CucumberException: org.openqa.selenium.SessionNotCreatedException: session not created
from chrome not reachable
  (Session info: chrome=80.0.3987.132)
Build info: version: &apos;3.141.59&apos;, revision: &apos;e82be7d358&apos;, time: &apos;2018-11-14T08:17:03&apos;
System info: host: &apos;DESKTOP-QUFA5SU&apos;, ip: &apos;192.168.1.8&apos;, os.name: &apos;Windows 10&apos;, os.arch: &apos;amd64&apos;, os.version: &apos;10.0&apos;, java.version: &apos;1.8.0_161&apos;
Driver info: driver.version: ChromeDriver
remote stacktrace: Backtrace:
	Ordinal0 [0x00A90C83+1707139]
	Ordinal0 [0x009F68F1+1075441]
	Ordinal0 [0x0096DE72+515698]
	Ordinal0 [0x00967CA8+490664]
	Ordinal0 [0x0096839B+492443]
	Ordinal0 [0x009692F5+496373]
	Ordinal0 [0x00964F05+478981]
	Ordinal0 [0x0096ECA0+519328]
	Ordinal0 [0x0091CA67+182887]
	Ordinal0 [0x0091BDDD+179677]
	Ordinal0 [0x00919D4B+171339]
	Ordinal0 [0x00901D4A+73034]
	Ordinal0 [0x00902DC0+77248]
	Ordinal0 [0x00902D59+77145]
	Ordinal0 [0x00A0BB67+1162087]
	GetHandleVerifier [0x00B2A966+508998]
	GetHandleVerifier [0x00B2A6A4+508292]
	GetHandleVerifier [0x00B3F7B7+594583]
	GetHandleVerifier [0x00B2B1D6+511158]
	Ordinal0 [0x00A0402C+1130540]
	Ordinal0 [0x00A0D4CB+1168587]
	Ordinal0 [0x00A0D633+1168947]
	Ordinal0 [0x00A25B35+1268533]
	BaseThreadInitThunk [0x75886359+25]
	RtlGetAppContainerNamedObjectPath [0x76FB7B74+228]
	RtlGetAppContainerNamedObjectPath [0x76FB7B44+180]

	at cucumber.api.testng.TestNGCucumberRunner.runCucumber(TestNGCucumberRunner.java:69)
	at com.qa.runner.TestRunner.feature(TestRunner.java:44)
	at sun.reflect.NativeMethodAccessorImpl.invoke0(Native Method)
	at sun.reflect.NativeMethodAccessorImpl.invoke(NativeMethodAccessorImpl.java:62)
	at sun.reflect.DelegatingMethodAccessorImpl.invoke(DelegatingMethodAccessorImpl.java:43)
	at java.lang.reflect.Method.invoke(Method.java:498)
	at org.testng.internal.MethodInvocationHelper.invokeMethod(MethodInvocationHelper.java:124)
	at org.testng.internal.Invoker.invokeMethod(Invoker.java:583)
	at org.testng.internal.Invoker.invokeTestMethod(Invoker.java:719)
	at org.testng.internal.Invoker.invokeTestMethods(Invoker.java:989)
	at org.testng.internal.TestMethodWorker.invokeTestMethods(TestMethodWorker.java:125)
	at org.testng.internal.TestMethodWorker.run(TestMethodWorker.java:109)
	at org.testng.TestRunner.privateRun(TestRunner.java:648)
	at org.testng.TestRunner.run(TestRunner.java:505)
	at org.testng.SuiteRunner.runTest(SuiteRunner.java:455)
	at org.testng.SuiteRunner.runSequentially(SuiteRunner.java:450)
	at org.testng.SuiteRunner.privateRun(SuiteRunner.java:415)
	at org.testng.SuiteRunner.run(SuiteRunner.java:364)
	at org.testng.SuiteRunnerWorker.runSuite(SuiteRunnerWorker.java:52)
	at org.testng.SuiteRunnerWorker.run(SuiteRunnerWorker.java:84)
	at org.testng.TestNG.runSuitesSequentially(TestNG.java:1208)
	at org.testng.TestNG.runSuitesLocally(TestNG.java:1137)
	at org.testng.TestNG.runSuites(TestNG.java:1049)
	at org.testng.TestNG.run(TestNG.java:1017)
	at org.apache.maven.surefire.testng.TestNGExecutor.run(TestNGExecutor.java:283)
	at org.apache.maven.surefire.testng.TestNGXmlTestSuite.execute(TestNGXmlTestSuite.java:75)
	at org.apache.maven.surefire.testng.TestNGProvider.invoke(TestNGProvider.java:120)
	at org.apache.maven.surefire.booter.ForkedBooter.invokeProviderInSameClassLoader(ForkedBooter.java:384)
	at org.apache.maven.surefire.booter.ForkedBooter.runSuitesInProcess(ForkedBooter.java:345)
	at org.apache.maven.surefire.booter.ForkedBooter.execute(ForkedBooter.java:126)
	at org.apache.maven.surefire.booter.ForkedBooter.main(ForkedBooter.java:418)
Caused by: org.openqa.selenium.SessionNotCreatedException: session not created
from chrome not reachable
  (Session info: chrome=80.0.3987.132)
Build info: version: &apos;3.141.59&apos;, revision: &apos;e82be7d358&apos;, time: &apos;2018-11-14T08:17:03&apos;
System info: host: &apos;DESKTOP-QUFA5SU&apos;, ip: &apos;192.168.1.8&apos;, os.name: &apos;Windows 10&apos;, os.arch: &apos;amd64&apos;, os.version: &apos;10.0&apos;, java.version: &apos;1.8.0_161&apos;
Driver info: driver.version: ChromeDriver
remote stacktrace: Backtrace:
	Ordinal0 [0x00A90C83+1707139]
	Ordinal0 [0x009F68F1+1075441]
	Ordinal0 [0x0096DE72+515698]
	Ordinal0 [0x00967CA8+490664]
	Ordinal0 [0x0096839B+492443]
	Ordinal0 [0x009692F5+496373]
	Ordinal0 [0x00964F05+478981]
	Ordinal0 [0x0096ECA0+519328]
	Ordinal0 [0x0091CA67+182887]
	Ordinal0 [0x0091BDDD+179677]
	Ordinal0 [0x00919D4B+171339]
	Ordinal0 [0x00901D4A+73034]
	Ordinal0 [0x00902DC0+77248]
	Ordinal0 [0x00902D59+77145]
	Ordinal0 [0x00A0BB67+1162087]
	GetHandleVerifier [0x00B2A966+508998]
	GetHandleVerifier [0x00B2A6A4+508292]
	GetHandleVerifier [0x00B3F7B7+594583]
	GetHandleVerifier [0x00B2B1D6+511158]
	Ordinal0 [0x00A0402C+1130540]
	Ordinal0 [0x00A0D4CB+1168587]
	Ordinal0 [0x00A0D633+1168947]
	Ordinal0 [0x00A25B35+1268533]
	BaseThreadInitThunk [0x75886359+25]
	RtlGetAppContainerNamedObjectPath [0x76FB7B74+228]
	RtlGetAppContainerNamedObjectPath [0x76FB7B44+180]

	at sun.reflect.NativeConstructorAccessorImpl.newInstance0(Native Method)
	at sun.reflect.NativeConstructorAccessorImpl.newInstance(NativeConstructorAccessorImpl.java:62)
	at sun.reflect.DelegatingConstructorAccessorImpl.newInstance(DelegatingConstructorAccessorImpl.java:45)
	at java.lang.reflect.Constructor.newInstance(Constructor.java:423)
	at org.openqa.selenium.remote.W3CHandshakeResponse.lambda$errorHandler$0(W3CHandshakeResponse.java:62)
	at org.openqa.selenium.remote.HandshakeResponse.lambda$getResponseFunction$0(HandshakeResponse.java:30)
	at org.openqa.selenium.remote.ProtocolHandshake.lambda$createSession$0(ProtocolHandshake.java:126)
	at java.util.stream.ReferencePipeline$3$1.accept(ReferencePipeline.java:193)
	at java.util.Spliterators$ArraySpliterator.tryAdvance(Spliterators.java:958)
	at java.util.stream.ReferencePipeline.forEachWithCancel(ReferencePipeline.java:126)
	at java.util.stream.AbstractPipeline.copyIntoWithCancel(AbstractPipeline.java:498)
	at java.util.stream.AbstractPipeline.copyInto(AbstractPipeline.java:485)
	at java.util.stream.AbstractPipeline.wrapAndCopyInto(AbstractPipeline.java:471)
	at java.util.stream.FindOps$FindOp.evaluateSequential(FindOps.java:152)
	at java.util.stream.AbstractPipeline.evaluate(AbstractPipeline.java:234)
	at java.util.stream.ReferencePipeline.findFirst(ReferencePipeline.java:464)
	at org.openqa.selenium.remote.ProtocolHandshake.createSession(ProtocolHandshake.java:128)
	at org.openqa.selenium.remote.ProtocolHandshake.createSession(ProtocolHandshake.java:74)
	at org.openqa.selenium.remote.HttpCommandExecutor.execute(HttpCommandExecutor.java:136)
	at org.openqa.selenium.remote.service.DriverCommandExecutor.execute(DriverCommandExecutor.java:83)
	at org.openqa.selenium.remote.RemoteWebDriver.execute(RemoteWebDriver.java:552)
	at org.openqa.selenium.remote.RemoteWebDriver.startSession(RemoteWebDriver.java:213)
	at org.openqa.selenium.remote.RemoteWebDriver.&lt;init&gt;(RemoteWebDriver.java:131)
	at org.openqa.selenium.chrome.ChromeDriver.&lt;init&gt;(ChromeDriver.java:181)
	at org.openqa.selenium.chrome.ChromeDriver.&lt;init&gt;(ChromeDriver.java:168)
	at org.openqa.selenium.chrome.ChromeDriver.&lt;init&gt;(ChromeDriver.java:123)
	at com.qa.pages.BasePage.init_driver(BasePage.java:34)
	at com.qa.stepDefinitions.HomePageSteps.user_is_in_homepage(HomePageSteps.java:40)
	at ?.Given User is in homepage(02AdminHomePage.feature:6)
</pre></div></td>
<td>15</td>
<td>com.qa.runner.TestRunner@7ac7a4e4</td></tr>
</table><p>
</body>
</html>